[debug] [2020-09-28T04:45:35.809Z] ----------------------------------------------------------------------
[debug] [2020-09-28T04:45:35.813Z] Command:       /usr/local/bin/firebase /Users/jarodabel/.cache/firebase/tools/lib/node_modules/firebase-tools/lib/bin/firebase deploy --only hosting
[debug] [2020-09-28T04:45:35.814Z] CLI Version:   8.10.0
[debug] [2020-09-28T04:45:35.814Z] Platform:      darwin
[debug] [2020-09-28T04:45:35.814Z] Node Version:  v12.18.1
[debug] [2020-09-28T04:45:35.819Z] Time:          Sun Sep 27 2020 23:45:35 GMT-0500 (Central Daylight Time)
[debug] [2020-09-28T04:45:35.819Z] ----------------------------------------------------------------------
[debug] [2020-09-28T04:45:35.819Z] 
[debug] [2020-09-28T04:45:35.839Z] > command requires scopes: ["email","openid","https://www.googleapis.com/auth/cloudplatformprojects.readonly","https://www.googleapis.com/auth/firebase","https://www.googleapis.com/auth/cloud-platform"]
[debug] [2020-09-28T04:45:35.840Z] > authorizing via signed-in user
[debug] [2020-09-28T04:45:35.840Z] [iam] checking project pdsa-oskee for permissions ["firebase.projects.get","firebasehosting.sites.update"]
[debug] [2020-09-28T04:45:35.845Z] > refreshing access token with scopes: ["email","https://www.googleapis.com/auth/cloud-platform","https://www.googleapis.com/auth/cloudplatformprojects.readonly","https://www.googleapis.com/auth/firebase","openid"]
[debug] [2020-09-28T04:45:35.845Z] >>> HTTP REQUEST POST https://www.googleapis.com/oauth2/v3/token  
 <request body omitted>
[debug] [2020-09-28T04:45:36.025Z] <<< HTTP RESPONSE 200 {"content-type":"application/json; charset=utf-8","vary":"X-Origin, Referer, Origin,Accept-Encoding","date":"Mon, 28 Sep 2020 04:45:43 GMT","server":"scaffolding on HTTPServer2","cache-control":"private","x-xss-protection":"0","x-frame-options":"SAMEORIGIN","x-content-type-options":"nosniff","alt-svc":"h3-Q050=\":443\"; ma=2592000,h3-29=\":443\"; ma=2592000,h3-27=\":443\"; ma=2592000,h3-T051=\":443\"; ma=2592000,h3-T050=\":443\"; ma=2592000,h3-Q046=\":443\"; ma=2592000,h3-Q043=\":443\"; ma=2592000,quic=\":443\"; ma=2592000; v=\"46,43\"","accept-ranges":"none","transfer-encoding":"chunked"}
[debug] [2020-09-28T04:45:36.040Z] >>> HTTP REQUEST POST https://cloudresourcemanager.googleapis.com/v1/projects/pdsa-oskee:testIamPermissions  
 {"permissions":["firebase.projects.get","firebasehosting.sites.update"]}
[debug] [2020-09-28T04:45:36.229Z] <<< HTTP RESPONSE 200 {"content-type":"application/json; charset=UTF-8","vary":"X-Origin, Referer, Origin,Accept-Encoding","date":"Mon, 28 Sep 2020 04:45:43 GMT","server":"ESF","cache-control":"private","x-xss-protection":"0","x-frame-options":"SAMEORIGIN","x-content-type-options":"nosniff","server-timing":"gfet4t7; dur=61","alt-svc":"h3-Q050=\":443\"; ma=2592000,h3-29=\":443\"; ma=2592000,h3-27=\":443\"; ma=2592000,h3-T051=\":443\"; ma=2592000,h3-T050=\":443\"; ma=2592000,h3-Q046=\":443\"; ma=2592000,h3-Q043=\":443\"; ma=2592000,quic=\":443\"; ma=2592000; v=\"46,43\"","accept-ranges":"none","transfer-encoding":"chunked"}
[debug] [2020-09-28T04:45:36.231Z] >>> HTTP REQUEST GET https://firebase.googleapis.com/v1beta1/projects/pdsa-oskee  
 
[debug] [2020-09-28T04:45:36.473Z] <<< HTTP RESPONSE 200 {"content-type":"application/json; charset=UTF-8","vary":"X-Origin, Referer, Origin,Accept-Encoding","date":"Mon, 28 Sep 2020 04:45:43 GMT","server":"ESF","cache-control":"private","x-xss-protection":"0","x-frame-options":"SAMEORIGIN","x-content-type-options":"nosniff","alt-svc":"h3-Q050=\":443\"; ma=2592000,h3-29=\":443\"; ma=2592000,h3-27=\":443\"; ma=2592000,h3-T051=\":443\"; ma=2592000,h3-T050=\":443\"; ma=2592000,h3-Q046=\":443\"; ma=2592000,h3-Q043=\":443\"; ma=2592000,quic=\":443\"; ma=2592000; v=\"46,43\"","accept-ranges":"none","transfer-encoding":"chunked"}
[info] 
[info] === Deploying to 'pdsa-oskee'...
[info] 
[info] i  deploying hosting 
[debug] [2020-09-28T04:45:38.655Z] >>> HTTP REQUEST POST https://firebasehosting.googleapis.com/v1beta1/sites/pdsa-oskee/versions  
 {"config":{"rewrites":[{"glob":"**","path":"/index.html"}]},"labels":{"deployment-tool":"cli-firebase"}}
[debug] [2020-09-28T04:45:39.260Z] <<< HTTP RESPONSE 200 {"content-type":"application/json; charset=UTF-8","vary":"X-Origin, Referer, Origin,Accept-Encoding","date":"Mon, 28 Sep 2020 04:45:46 GMT","server":"ESF","cache-control":"private","x-xss-protection":"0","x-frame-options":"SAMEORIGIN","x-content-type-options":"nosniff","alt-svc":"h3-Q050=\":443\"; ma=2592000,h3-29=\":443\"; ma=2592000,h3-27=\":443\"; ma=2592000,h3-T051=\":443\"; ma=2592000,h3-T050=\":443\"; ma=2592000,h3-Q046=\":443\"; ma=2592000,h3-Q043=\":443\"; ma=2592000,quic=\":443\"; ma=2592000; v=\"46,43\"","accept-ranges":"none","transfer-encoding":"chunked"}
[info] i  hosting[pdsa-oskee]: beginning deploy... 
[info] i  hosting[pdsa-oskee]: found 35 files in dist/browser 
